-------------------------------------------------------------------------------
Test set: TestSuite
-------------------------------------------------------------------------------
Tests run: 4, Failures: 1, Errors: 0, Skipped: 0, Time elapsed: 37.117 s <<< FAILURE! - in TestSuite
com.ali.tests.smoketest.ApiTesting.dummyTest  Time elapsed: 0.344 s  <<< FAILURE!
java.lang.AssertionError: expected [3] but found [2]
	at com.ali.tests.smoketest.ApiTesting.dummyTest(ApiTesting.java:44)

